<?xml version="1.0" encoding="UTF-8"?>
<testsuites name="MpwebSuite1 - Demosandbox" time="198.552" tests="2" failures="0" errors="0">
   <testsuite name="MpwebSuite1 - Demosandbox" tests="2" failures="0" errors="0" time="198.552" skipped="0" timestamp="2023-01-03 13:35:45" hostname="sunil.patel - PS-LP-NOI-10126" id="Test Suites/MpwebSuite1 - Demosandbox">
      <properties>
         <property name="deviceName" value=""/>
         <property name="devicePlatform" value=""/>
         <property name="logFolder" value="C:\\Users\\sunil.patel\\Katalon Studio\\Sample - Web API Tests\\Reports\\20230103_133433\\MpwebSuite1 - Demosandbox\\20230103_133440"/>
         <property name="logFiles" value="C:\\Users\\sunil.patel\\Katalon Studio\\Sample - Web API Tests\\Reports\\20230103_133433\\MpwebSuite1 - Demosandbox\\20230103_133440\\execution0.log"/>
         <property name="attachments" value=""/>
         <property name="hostName" value="sunil.patel - PS-LP-NOI-10126"/>
         <property name="os" value="Windows 10 64bit"/>
         <property name="katalonVersion" value="8.5.5.208"/>
         <property name="browser" value="Chrome 108.0.0.0"/>
         <property name="hostAddress" value="192.168.59.126"/>
         <property name="sessionId" value="888614ac557ae3c1fab79e3c5356d0dc"/>
         <property name="seleniumVersion" value="3.141.59"/>
         <property name="proxyInformation" value="ProxyInformation { proxyOption=NO_PROXY, proxyServerType=HTTP, username=, password=********, proxyServerAddress=, proxyServerPort=0, executionList=&quot;&quot;, isApplyToDesiredCapabilities=true }"/>
         <property name="platform" value="Windows 10"/>
      </properties>
      <testcase name="Test Cases/LoginTestcase" time="146.537" classname="Test Cases/LoginTestcase" status="PASSED">
         <system-out><![CDATA[2023-01-03 13:35:50 - [TEST_CASE][PASSED] - Test Cases/LoginTestcase: Test Cases/LoginTestcase

2023-01-03 13:35:59 - [TEST_STEP][PASSED] - openBrowser(""): Browser is opened with url: ''

2023-01-03 13:36:04 - [MESSAGE][INFO] - Starting 'Chrome' driver

2023-01-03 13:36:05 - [MESSAGE][INFO] - Action delay is set to 0 milliseconds

2023-01-03 13:36:42 - [MESSAGE][PASSED] - Browser is opened with url: ''

2023-01-03 13:36:42 - [TEST_STEP][PASSED] - navigateToUrl(url): Navigate to 'https://mpwebsandbox.mhkdevsandbox.com/' successfully

2023-01-03 13:37:09 - [MESSAGE][PASSED] - Navigate to 'https://mpwebsandbox.mhkdevsandbox.com/' successfully

2023-01-03 13:37:09 - [TEST_STEP][PASSED] - var = verifyElementText(findTestObject("Page_MarketProminence Authorization/h3_MarketProminence Login"), "MarketProminence Login", OPTIONAL): Actual text and expected text of test object 'Object Repository/Page_MarketProminence Authorization/h3_MarketProminence Login' are matched.

2023-01-03 13:37:25 - [MESSAGE][PASSED] - Actual text and expected text of test object 'Object Repository/Page_MarketProminence Authorization/h3_MarketProminence Login' are matched.

2023-01-03 13:37:25 - [TEST_STEP][PASSED] - if (var == true): NOT_RUN: waitForPageLoad(30)

2023-01-03 13:37:25 - [TEST_STEP][PASSED] - setText(findTestObject("Object Repository/Page_MarketProminence Authorization/input_Username_Username"), username): Text 'DZCPS' is set on object 'Object Repository/Page_MarketProminence Authorization/input_Username_Username'

2023-01-03 13:37:35 - [MESSAGE][PASSED] - Text 'DZCPS' is set on object 'Object Repository/Page_MarketProminence Authorization/input_Username_Username'

2023-01-03 13:37:35 - [TEST_STEP][PASSED] - click(findTestObject("Object Repository/Page_MarketProminence Authorization/div_Password")): Object: 'Object Repository/Page_MarketProminence Authorization/div_Password' is clicked on

2023-01-03 13:37:39 - [MESSAGE][PASSED] - Object: 'Object Repository/Page_MarketProminence Authorization/div_Password' is clicked on

2023-01-03 13:37:39 - [TEST_STEP][PASSED] - setText(findTestObject("Object Repository/Page_MarketProminence Authorization/input_Password_Password"), password): Text 'mp0292' is set on object 'Object Repository/Page_MarketProminence Authorization/input_Password_Password'

2023-01-03 13:38:01 - [MESSAGE][PASSED] - Text 'mp0292' is set on object 'Object Repository/Page_MarketProminence Authorization/input_Password_Password'

2023-01-03 13:38:01 - [TEST_STEP][PASSED] - click(findTestObject("Object Repository/Page_MarketProminence Authorization/button_Login")): Object: 'Object Repository/Page_MarketProminence Authorization/button_Login' is clicked on

2023-01-03 13:38:13 - [MESSAGE][PASSED] - Object: 'Object Repository/Page_MarketProminence Authorization/button_Login' is clicked on

2023-01-03 13:38:13 - [TEST_STEP][NOT_RUN] - waitForPageLoad(30): NOT_RUN: waitForPageLoad(30)

2023-01-03 13:38:13 - [MESSAGE][NOT_RUN] - NOT_RUN: waitForPageLoad(30)

2023-01-03 13:38:16 - [TEST_STEP][PASSED] - Video: Video recording for test case 'Test Cases/LoginTestcase' .

2023-01-03 13:38:16 - [MESSAGE][INFO] - Video recording for test case 'Test Cases/LoginTestcase' .]]></system-out>
         <system-err><![CDATA[]]></system-err>
      </testcase>
      <testcase name="Test Cases/LoginTestcase" time="46.452" classname="Test Cases/LoginTestcase" status="PASSED">
         <system-out><![CDATA[2023-01-03 13:38:17 - [TEST_CASE][PASSED] - Test Cases/LoginTestcase: Test Cases/LoginTestcase

2023-01-03 13:38:17 - [TEST_STEP][PASSED] - openBrowser(""): Browser is opened with url: ''

2023-01-03 13:38:17 - [MESSAGE][WARNING] - A browser is already opened. Closing browser and opening a new one

2023-01-03 13:38:20 - [MESSAGE][INFO] - Starting 'Chrome' driver

2023-01-03 13:38:20 - [MESSAGE][INFO] - Action delay is set to 0 milliseconds

2023-01-03 13:38:27 - [MESSAGE][PASSED] - Browser is opened with url: ''

2023-01-03 13:38:27 - [TEST_STEP][PASSED] - navigateToUrl(url): Navigate to 'https://mpwebdemo.mhkdevsandbox.com' successfully

2023-01-03 13:38:46 - [MESSAGE][PASSED] - Navigate to 'https://mpwebdemo.mhkdevsandbox.com' successfully

2023-01-03 13:38:46 - [TEST_STEP][PASSED] - var = verifyElementText(findTestObject("Page_MarketProminence Authorization/h3_MarketProminence Login"), "MarketProminence Login", OPTIONAL): Actual text and expected text of test object 'Object Repository/Page_MarketProminence Authorization/h3_MarketProminence Login' are matched.

2023-01-03 13:38:47 - [MESSAGE][PASSED] - Actual text and expected text of test object 'Object Repository/Page_MarketProminence Authorization/h3_MarketProminence Login' are matched.

2023-01-03 13:38:47 - [TEST_STEP][PASSED] - if (var == true): NOT_RUN: waitForPageLoad(30)

2023-01-03 13:38:47 - [TEST_STEP][PASSED] - setText(findTestObject("Object Repository/Page_MarketProminence Authorization/input_Username_Username"), username): Text 'DZCPS' is set on object 'Object Repository/Page_MarketProminence Authorization/input_Username_Username'

2023-01-03 13:38:49 - [MESSAGE][PASSED] - Text 'DZCPS' is set on object 'Object Repository/Page_MarketProminence Authorization/input_Username_Username'

2023-01-03 13:38:49 - [TEST_STEP][PASSED] - click(findTestObject("Object Repository/Page_MarketProminence Authorization/div_Password")): Object: 'Object Repository/Page_MarketProminence Authorization/div_Password' is clicked on

2023-01-03 13:38:50 - [MESSAGE][PASSED] - Object: 'Object Repository/Page_MarketProminence Authorization/div_Password' is clicked on

2023-01-03 13:38:50 - [TEST_STEP][PASSED] - setText(findTestObject("Object Repository/Page_MarketProminence Authorization/input_Password_Password"), password): Text 'mp0292' is set on object 'Object Repository/Page_MarketProminence Authorization/input_Password_Password'

2023-01-03 13:38:52 - [MESSAGE][PASSED] - Text 'mp0292' is set on object 'Object Repository/Page_MarketProminence Authorization/input_Password_Password'

2023-01-03 13:38:52 - [TEST_STEP][PASSED] - click(findTestObject("Object Repository/Page_MarketProminence Authorization/button_Login")): Object: 'Object Repository/Page_MarketProminence Authorization/button_Login' is clicked on

2023-01-03 13:39:01 - [MESSAGE][PASSED] - Object: 'Object Repository/Page_MarketProminence Authorization/button_Login' is clicked on

2023-01-03 13:39:01 - [TEST_STEP][NOT_RUN] - waitForPageLoad(30): NOT_RUN: waitForPageLoad(30)

2023-01-03 13:39:01 - [MESSAGE][NOT_RUN] - NOT_RUN: waitForPageLoad(30)

2023-01-03 13:39:03 - [TEST_STEP][PASSED] - Video: Video recording for test case 'Test Cases/LoginTestcase' .

2023-01-03 13:39:03 - [MESSAGE][INFO] - Video recording for test case 'Test Cases/LoginTestcase' .]]></system-out>
         <system-err><![CDATA[]]></system-err>
      </testcase>
      <system-out><![CDATA[2023-01-03 13:35:45 - [TEST_SUITE][PASSED] - MpwebSuite1 - Demosandbox: Test Cases/LoginTestcase]]></system-out>
      <system-err><![CDATA[]]></system-err>
   </testsuite>
</testsuites>
