<?xml version="1.0" encoding="UTF-8"?>
<testsuites name="MpwebSuite1" time="63.027" tests="2" failures="0" errors="0">
   <testsuite name="MpwebSuite1" tests="2" failures="0" errors="0" time="63.027" skipped="0" timestamp="2022-12-29 13:25:53" hostname="sunil.patel - PS-LP-NOI-10126" id="Test Suites/MpwebSuite1">
      <properties>
         <property name="deviceName" value=""/>
         <property name="devicePlatform" value=""/>
         <property name="logFolder" value="C:\\Users\\sunil.patel\\Katalon Studio\\Sample - Web API Tests\\Reports\\20221229_132538\\MpwebSuite1\\20221229_132538"/>
         <property name="logFiles" value="C:\\Users\\sunil.patel\\Katalon Studio\\Sample - Web API Tests\\Reports\\20221229_132538\\MpwebSuite1\\20221229_132538\\execution0.log"/>
         <property name="attachments" value=""/>
         <property name="hostName" value="sunil.patel - PS-LP-NOI-10126"/>
         <property name="os" value="Windows 10 64bit"/>
         <property name="katalonVersion" value="8.5.5.208"/>
         <property name="browser" value="Chrome 108.0.0.0"/>
         <property name="hostAddress" value="192.168.100.126"/>
         <property name="sessionId" value="afbdce2281508aa2ee05184705fd0956"/>
         <property name="seleniumVersion" value="3.141.59"/>
         <property name="proxyInformation" value="ProxyInformation { proxyOption=NO_PROXY, proxyServerType=HTTP, username=, password=********, proxyServerAddress=, proxyServerPort=0, executionList=&quot;&quot;, isApplyToDesiredCapabilities=true }"/>
         <property name="platform" value="Windows 10"/>
      </properties>
      <testcase name="Test Cases/LoginTestcase" time="31.426" classname="Test Cases/LoginTestcase" status="PASSED">
         <system-out><![CDATA[2022-12-29 13:25:53 - [TEST_CASE][PASSED] - Test Cases/LoginTestcase: Test Cases/LoginTestcase

2022-12-29 13:25:54 - [TEST_STEP][PASSED] - openBrowser(""): Browser is opened with url: ''

2022-12-29 13:25:54 - [MESSAGE][INFO] - Starting 'Chrome' driver

2022-12-29 13:25:54 - [MESSAGE][INFO] - Action delay is set to 0 milliseconds

2022-12-29 13:26:00 - [MESSAGE][WARNING] - FFmpeg was not installed! Browser Recording will be disabled. Please follow this document to install FFmpeg first: https://docs.katalon.com/katalon-studio/docs/screenshots-videos.html#browser-based-recorder

2022-12-29 13:26:00 - [MESSAGE][PASSED] - Browser is opened with url: ''

2022-12-29 13:26:00 - [TEST_STEP][PASSED] - navigateToUrl(url): Navigate to 'https://mpwebsandbox.mhkdevsandbox.com/' successfully

2022-12-29 13:26:15 - [MESSAGE][PASSED] - Navigate to 'https://mpwebsandbox.mhkdevsandbox.com/' successfully

2022-12-29 13:26:15 - [TEST_STEP][PASSED] - var = verifyTextPresent("MarketProminence Login", false, OPTIONAL): Text 'MarketProminence Login' is present on page 

2022-12-29 13:26:16 - [MESSAGE][PASSED] - Text 'MarketProminence Login' is present on page 

2022-12-29 13:26:16 - [TEST_STEP][PASSED] - if (var == true): Wait for page load successfully

2022-12-29 13:26:16 - [TEST_STEP][PASSED] - setText(findTestObject("Object Repository/Page_MarketProminence Authorization/input_Username_Username"), username): Text 'DZCPS' is set on object 'Object Repository/Page_MarketProminence Authorization/input_Username_Username'

2022-12-29 13:26:17 - [MESSAGE][PASSED] - Text 'DZCPS' is set on object 'Object Repository/Page_MarketProminence Authorization/input_Username_Username'

2022-12-29 13:26:17 - [TEST_STEP][PASSED] - click(findTestObject("Object Repository/Page_MarketProminence Authorization/div_Password")): Object: 'Object Repository/Page_MarketProminence Authorization/div_Password' is clicked on

2022-12-29 13:26:18 - [MESSAGE][PASSED] - Object: 'Object Repository/Page_MarketProminence Authorization/div_Password' is clicked on

2022-12-29 13:26:18 - [TEST_STEP][PASSED] - setText(findTestObject("Object Repository/Page_MarketProminence Authorization/input_Password_Password"), password): Text 'mp0292' is set on object 'Object Repository/Page_MarketProminence Authorization/input_Password_Password'

2022-12-29 13:26:19 - [MESSAGE][PASSED] - Text 'mp0292' is set on object 'Object Repository/Page_MarketProminence Authorization/input_Password_Password'

2022-12-29 13:26:19 - [TEST_STEP][PASSED] - click(findTestObject("Object Repository/Page_MarketProminence Authorization/button_Login")): Object: 'Object Repository/Page_MarketProminence Authorization/button_Login' is clicked on

2022-12-29 13:26:24 - [MESSAGE][PASSED] - Object: 'Object Repository/Page_MarketProminence Authorization/button_Login' is clicked on

2022-12-29 13:26:24 - [TEST_STEP][PASSED] - waitForPageLoad(30): Wait for page load successfully

2022-12-29 13:26:25 - [MESSAGE][PASSED] - Wait for page load successfully]]></system-out>
         <system-err><![CDATA[]]></system-err>
      </testcase>
      <testcase name="Test Cases/LoginTestcase" time="30.736" classname="Test Cases/LoginTestcase" status="PASSED">
         <system-out><![CDATA[2022-12-29 13:26:25 - [TEST_CASE][PASSED] - Test Cases/LoginTestcase: Test Cases/LoginTestcase

2022-12-29 13:26:25 - [TEST_STEP][PASSED] - openBrowser(""): Browser is opened with url: ''

2022-12-29 13:26:25 - [MESSAGE][WARNING] - A browser is already opened. Closing browser and opening a new one

2022-12-29 13:26:26 - [MESSAGE][INFO] - Starting 'Chrome' driver

2022-12-29 13:26:26 - [MESSAGE][INFO] - Action delay is set to 0 milliseconds

2022-12-29 13:26:28 - [MESSAGE][WARNING] - FFmpeg was not installed! Browser Recording will be disabled. Please follow this document to install FFmpeg first: https://docs.katalon.com/katalon-studio/docs/screenshots-videos.html#browser-based-recorder

2022-12-29 13:26:28 - [MESSAGE][PASSED] - Browser is opened with url: ''

2022-12-29 13:26:28 - [TEST_STEP][PASSED] - navigateToUrl(url): Navigate to 'https://mpwebdemo.mhkdevsandbox.com' successfully

2022-12-29 13:26:43 - [MESSAGE][PASSED] - Navigate to 'https://mpwebdemo.mhkdevsandbox.com' successfully

2022-12-29 13:26:43 - [TEST_STEP][PASSED] - var = verifyTextPresent("MarketProminence Login", false, OPTIONAL): Text 'MarketProminence Login' is present on page 

2022-12-29 13:26:44 - [MESSAGE][PASSED] - Text 'MarketProminence Login' is present on page 

2022-12-29 13:26:44 - [TEST_STEP][PASSED] - if (var == true): Wait for page load successfully

2022-12-29 13:26:44 - [TEST_STEP][PASSED] - setText(findTestObject("Object Repository/Page_MarketProminence Authorization/input_Username_Username"), username): Text 'DZCPS' is set on object 'Object Repository/Page_MarketProminence Authorization/input_Username_Username'

2022-12-29 13:26:45 - [MESSAGE][PASSED] - Text 'DZCPS' is set on object 'Object Repository/Page_MarketProminence Authorization/input_Username_Username'

2022-12-29 13:26:45 - [TEST_STEP][PASSED] - click(findTestObject("Object Repository/Page_MarketProminence Authorization/div_Password")): Object: 'Object Repository/Page_MarketProminence Authorization/div_Password' is clicked on

2022-12-29 13:26:45 - [MESSAGE][PASSED] - Object: 'Object Repository/Page_MarketProminence Authorization/div_Password' is clicked on

2022-12-29 13:26:45 - [TEST_STEP][PASSED] - setText(findTestObject("Object Repository/Page_MarketProminence Authorization/input_Password_Password"), password): Text 'mp0292' is set on object 'Object Repository/Page_MarketProminence Authorization/input_Password_Password'

2022-12-29 13:26:46 - [MESSAGE][PASSED] - Text 'mp0292' is set on object 'Object Repository/Page_MarketProminence Authorization/input_Password_Password'

2022-12-29 13:26:46 - [TEST_STEP][PASSED] - click(findTestObject("Object Repository/Page_MarketProminence Authorization/button_Login")): Object: 'Object Repository/Page_MarketProminence Authorization/button_Login' is clicked on

2022-12-29 13:26:55 - [MESSAGE][PASSED] - Object: 'Object Repository/Page_MarketProminence Authorization/button_Login' is clicked on

2022-12-29 13:26:55 - [TEST_STEP][PASSED] - waitForPageLoad(30): Wait for page load successfully

2022-12-29 13:26:56 - [MESSAGE][PASSED] - Wait for page load successfully]]></system-out>
         <system-err><![CDATA[]]></system-err>
      </testcase>
      <system-out><![CDATA[2022-12-29 13:25:53 - [TEST_SUITE][PASSED] - MpwebSuite1: Test Cases/LoginTestcase]]></system-out>
      <system-err><![CDATA[]]></system-err>
   </testsuite>
</testsuites>
