<?xml version="1.0" encoding="UTF-8"?>
<testsuites name="web-service-tests - All Test Cases" time="109.307" tests="2" failures="0" errors="0">
   <testsuite name="web-service-tests - All Test Cases" tests="2" failures="0" errors="0" time="109.307" skipped="0" timestamp="2023-01-03 13:35:19" hostname="sunil.patel - PS-LP-NOI-10126" id="Test Suites/web-service-tests - All Test Cases">
      <properties>
         <property name="deviceName" value=""/>
         <property name="devicePlatform" value=""/>
         <property name="logFolder" value="C:\\Users\\sunil.patel\\Katalon Studio\\Sample - Web API Tests\\Reports\\20230103_133433\\web-service-tests - All Test Cases\\20230103_133437"/>
         <property name="logFiles" value="C:\\Users\\sunil.patel\\Katalon Studio\\Sample - Web API Tests\\Reports\\20230103_133433\\web-service-tests - All Test Cases\\20230103_133437\\execution0.log"/>
         <property name="attachments" value=""/>
         <property name="hostName" value="sunil.patel - PS-LP-NOI-10126"/>
         <property name="os" value="Windows 10 64bit"/>
         <property name="katalonVersion" value="8.5.5.208"/>
         <property name="browser" value="Edge Chromium 108"/>
         <property name="hostAddress" value="192.168.59.126"/>
         <property name="sessionId" value="68c333d0b11482abe5e35202177e7906"/>
         <property name="seleniumVersion" value="3.141.59"/>
         <property name="proxyInformation" value="ProxyInformation { proxyOption=NO_PROXY, proxyServerType=HTTP, username=, password=********, proxyServerAddress=, proxyServerPort=0, executionList=&quot;&quot;, isApplyToDesiredCapabilities=true }"/>
         <property name="platform" value="Windows 10"/>
      </properties>
      <testcase name="Test Cases/Create a new user" time="50.154" classname="Test Cases/Create a new user" status="PASSED">
         <system-out><![CDATA[2023-01-03 13:35:22 - [TEST_CASE][PASSED] - Test Cases/Create a new user: Test Cases/Create a new user

2023-01-03 13:35:30 - [TEST_STEP][PASSED] - openBrowser(""): Browser is opened with url: ''

2023-01-03 13:35:32 - [MESSAGE][INFO] - Starting 'Edge Chromium' driver

2023-01-03 13:35:35 - [MESSAGE][INFO] - Action delay is set to 0 milliseconds

2023-01-03 13:36:04 - [MESSAGE][PASSED] - Browser is opened with url: ''

2023-01-03 13:36:04 - [TEST_STEP][PASSED] - closeBrowser(): Browser is closed

2023-01-03 13:36:10 - [MESSAGE][PASSED] - Browser is closed

2023-01-03 13:36:12 - [TEST_STEP][PASSED] - Video: Video recording for test case 'Test Cases/Create a new user' .

2023-01-03 13:36:12 - [MESSAGE][INFO] - Video recording for test case 'Test Cases/Create a new user' .]]></system-out>
         <system-err><![CDATA[]]></system-err>
      </testcase>
      <testcase name="Test Cases/Find user by ID" time="55.844" classname="Test Cases/Find user by ID" status="PASSED">
         <system-out><![CDATA[2023-01-03 13:36:13 - [TEST_CASE][PASSED] - Test Cases/Find user by ID: Test Cases/Find user by ID

2023-01-03 13:36:26 - [TEST_STEP][PASSED] - id = sample.Common.createNewUser(age, username, password, gender, 200): sample.Common.createNewUser is PASSED

2023-01-03 13:36:50 - [MESSAGE][INFO] - HAR: C:\Users\sunil.patel\Katalon Studio\Sample - Web API Tests\Reports\20230103_133433\web-service-tests - All Test Cases\20230103_133437\requests\main\0.har

2023-01-03 13:36:51 - [TEST_CASE][PASSED] - Start Test Case : Verification: Verification accomplished successfully

2023-01-03 13:36:53 - [TEST_STEP][PASSED] - request = getInstance().getCurrentRequest(): null

2023-01-03 13:36:53 - [TEST_STEP][PASSED] - response = getInstance().getCurrentResponse(): null

2023-01-03 13:36:53 - [TEST_STEP][PASSED] - assert response.getStatusCode() == 200: null

2023-01-03 13:36:53 - [TEST_STEP][PASSED] - verifyElementPropertyValue(response, "age", 25): Verify element property value successfully

2023-01-03 13:36:54 - [MESSAGE][PASSED] - Verify element property value successfully

2023-01-03 13:36:54 - [TEST_STEP][PASSED] - verifyElementPropertyValue(response, "username", "mimi"): Verify element property value successfully

2023-01-03 13:36:55 - [MESSAGE][PASSED] - Verify element property value successfully

2023-01-03 13:36:55 - [TEST_STEP][PASSED] - verifyElementPropertyValue(response, "password", "123456789"): Verify element property value successfully

2023-01-03 13:36:55 - [MESSAGE][PASSED] - Verify element property value successfully

2023-01-03 13:36:55 - [TEST_STEP][PASSED] - verifyElementPropertyValue(response, "gender", "MALE"): Verify element property value successfully

2023-01-03 13:36:56 - [MESSAGE][PASSED] - Verify element property value successfully

2023-01-03 13:36:56 - [MESSAGE][PASSED] - Verify response successfully

2023-01-03 13:36:57 - [MESSAGE][PASSED] - All validation steps have been passed

2023-01-03 13:36:57 - [MESSAGE][PASSED] - Send request and verify the response successfully

2023-01-03 13:36:57 - [MESSAGE][PASSED] - sample.Common.createNewUser is PASSED

2023-01-03 13:36:57 - [TEST_STEP][PASSED] - sample.Common.findUserById(id, age, username, password, gender, 200): sample.Common.findUserById is PASSED

2023-01-03 13:37:03 - [MESSAGE][INFO] - HAR: C:\Users\sunil.patel\Katalon Studio\Sample - Web API Tests\Reports\20230103_133433\web-service-tests - All Test Cases\20230103_133437\requests\main\1.har

2023-01-03 13:37:03 - [TEST_CASE][PASSED] - Start Test Case : Verification: Verification accomplished successfully

2023-01-03 13:37:04 - [TEST_STEP][PASSED] - request = getInstance().getCurrentRequest(): null

2023-01-03 13:37:04 - [TEST_STEP][PASSED] - response = getInstance().getCurrentResponse(): null

2023-01-03 13:37:04 - [TEST_STEP][PASSED] - assert response.getStatusCode() == 200: null

2023-01-03 13:37:05 - [TEST_STEP][PASSED] - verifyElementPropertyValue(response, "age", 25): Verify element property value successfully

2023-01-03 13:37:05 - [MESSAGE][PASSED] - Verify element property value successfully

2023-01-03 13:37:05 - [TEST_STEP][PASSED] - verifyElementPropertyValue(response, "username", "mimi"): Verify element property value successfully

2023-01-03 13:37:05 - [MESSAGE][PASSED] - Verify element property value successfully

2023-01-03 13:37:05 - [TEST_STEP][PASSED] - verifyElementPropertyValue(response, "password", "123456789"): Verify element property value successfully

2023-01-03 13:37:06 - [MESSAGE][PASSED] - Verify element property value successfully

2023-01-03 13:37:06 - [TEST_STEP][PASSED] - verifyElementPropertyValue(response, "gender", "MALE"): Verify element property value successfully

2023-01-03 13:37:06 - [MESSAGE][PASSED] - Verify element property value successfully

2023-01-03 13:37:06 - [MESSAGE][PASSED] - Verify response successfully

2023-01-03 13:37:06 - [MESSAGE][PASSED] - All validation steps have been passed

2023-01-03 13:37:06 - [MESSAGE][PASSED] - Send request and verify the response successfully

2023-01-03 13:37:06 - [MESSAGE][PASSED] - sample.Common.findUserById is PASSED

2023-01-03 13:37:08 - [TEST_STEP][PASSED] - Video: Video recording for test case 'Test Cases/Find user by ID' .

2023-01-03 13:37:08 - [MESSAGE][INFO] - Video recording for test case 'Test Cases/Find user by ID' .]]></system-out>
         <system-err><![CDATA[]]></system-err>
      </testcase>
      <system-out><![CDATA[2023-01-03 13:35:19 - [TEST_SUITE][PASSED] - web-service-tests - All Test Cases: Test Cases/Find user by ID]]></system-out>
      <system-err><![CDATA[]]></system-err>
   </testsuite>
</testsuites>
