<?xml version="1.0" encoding="UTF-8"?>
<testsuites name="MpwebSuite1 - Demosandbox" time="145.534" tests="1" failures="0" errors="0">
   <testsuite name="MpwebSuite1 - Demosandbox" tests="1" failures="0" errors="0" time="145.534" skipped="0" timestamp="2023-01-02 12:52:27" hostname="sunil.patel - PS-LP-NOI-10126" id="Test Suites/MpwebSuite1 - Demosandbox">
      <properties>
         <property name="deviceName" value=""/>
         <property name="devicePlatform" value=""/>
         <property name="logFolder" value="C:\\Users\\sunil.patel\\Katalon Studio\\Sample - Web API Tests\\Reports\\20230102_125215\\MpwebSuite1 - Demosandbox\\20230102_125215"/>
         <property name="logFiles" value="C:\\Users\\sunil.patel\\Katalon Studio\\Sample - Web API Tests\\Reports\\20230102_125215\\MpwebSuite1 - Demosandbox\\20230102_125215\\execution0.log"/>
         <property name="attachments" value=""/>
         <property name="hostName" value="sunil.patel - PS-LP-NOI-10126"/>
         <property name="os" value="Windows 10 64bit"/>
         <property name="katalonVersion" value="8.5.5.208"/>
         <property name="browser" value="Chrome 108.0.0.0"/>
         <property name="hostAddress" value="192.168.225.80"/>
         <property name="sessionId" value="d9d8e696ee2605315ca2ddd123732d20"/>
         <property name="seleniumVersion" value="3.141.59"/>
         <property name="proxyInformation" value="ProxyInformation { proxyOption=NO_PROXY, proxyServerType=HTTP, username=, password=********, proxyServerAddress=, proxyServerPort=0, executionList=&quot;&quot;, isApplyToDesiredCapabilities=true }"/>
         <property name="platform" value="Windows 10"/>
      </properties>
      <testcase name="Test Cases/Add_Affiliation" time="144.905" classname="Test Cases/Add_Affiliation" status="PASSED">
         <system-out><![CDATA[2023-01-02 12:52:28 - [TEST_CASE][PASSED] - Test Cases/Add_Affiliation: Test Cases/Add_Affiliation

2023-01-02 12:52:29 - [TEST_STEP][PASSED] - callTestCase(findTestCase("LoginTestcase"), ["url":url, "username":username, "password":password], CONTINUE_ON_FAILURE): Call Test Case 'Test Cases/LoginTestcase' successfully

2023-01-02 12:52:29 - [TEST_CASE][PASSED] - Test Cases/LoginTestcase: Test Cases/LoginTestcase

2023-01-02 12:52:29 - [TEST_STEP][PASSED] - openBrowser(""): Browser is opened with url: ''

2023-01-02 12:52:30 - [MESSAGE][INFO] - Starting 'Chrome' driver

2023-01-02 12:52:30 - [MESSAGE][INFO] - Action delay is set to 0 milliseconds

2023-01-02 12:52:35 - [MESSAGE][PASSED] - Browser is opened with url: ''

2023-01-02 12:52:35 - [TEST_STEP][PASSED] - navigateToUrl(url): Navigate to 'https://mpwebdemo.mhkdevsandbox.com' successfully

2023-01-02 12:52:50 - [MESSAGE][PASSED] - Navigate to 'https://mpwebdemo.mhkdevsandbox.com' successfully

2023-01-02 12:52:50 - [TEST_STEP][PASSED] - var = verifyElementText(findTestObject("Page_MarketProminence Authorization/h3_MarketProminence Login"), "MarketProminence Login", OPTIONAL): Actual text and expected text of test object 'Object Repository/Page_MarketProminence Authorization/h3_MarketProminence Login' are matched.

2023-01-02 12:52:51 - [MESSAGE][PASSED] - Actual text and expected text of test object 'Object Repository/Page_MarketProminence Authorization/h3_MarketProminence Login' are matched.

2023-01-02 12:52:51 - [TEST_STEP][PASSED] - if (var == true): NOT_RUN: waitForPageLoad(30)

2023-01-02 12:52:51 - [TEST_STEP][PASSED] - setText(findTestObject("Object Repository/Page_MarketProminence Authorization/input_Username_Username"), username): Text 'DZCPS' is set on object 'Object Repository/Page_MarketProminence Authorization/input_Username_Username'

2023-01-02 12:52:52 - [MESSAGE][PASSED] - Text 'DZCPS' is set on object 'Object Repository/Page_MarketProminence Authorization/input_Username_Username'

2023-01-02 12:52:52 - [TEST_STEP][PASSED] - click(findTestObject("Object Repository/Page_MarketProminence Authorization/div_Password")): Object: 'Object Repository/Page_MarketProminence Authorization/div_Password' is clicked on

2023-01-02 12:52:52 - [MESSAGE][PASSED] - Object: 'Object Repository/Page_MarketProminence Authorization/div_Password' is clicked on

2023-01-02 12:52:52 - [TEST_STEP][PASSED] - setText(findTestObject("Object Repository/Page_MarketProminence Authorization/input_Password_Password"), password): Text 'mp0292' is set on object 'Object Repository/Page_MarketProminence Authorization/input_Password_Password'

2023-01-02 12:52:53 - [MESSAGE][PASSED] - Text 'mp0292' is set on object 'Object Repository/Page_MarketProminence Authorization/input_Password_Password'

2023-01-02 12:52:53 - [TEST_STEP][PASSED] - click(findTestObject("Object Repository/Page_MarketProminence Authorization/button_Login")): Object: 'Object Repository/Page_MarketProminence Authorization/button_Login' is clicked on

2023-01-02 12:53:02 - [MESSAGE][PASSED] - Object: 'Object Repository/Page_MarketProminence Authorization/button_Login' is clicked on

2023-01-02 12:53:02 - [TEST_STEP][NOT_RUN] - waitForPageLoad(30): NOT_RUN: waitForPageLoad(30)

2023-01-02 12:53:02 - [MESSAGE][NOT_RUN] - NOT_RUN: waitForPageLoad(30)

2023-01-02 12:53:02 - [MESSAGE][PASSED] - Call Test Case 'Test Cases/LoginTestcase' successfully

2023-01-02 12:53:02 - [TEST_STEP][PASSED] - click(findTestObject("Object Repository/Page_MHK MarketProminence Sandbox/a_MarketProminence_mpweb-navbar-icon-button_1cdd27")): Object: 'Object Repository/Page_MHK MarketProminence Sandbox/a_MarketProminence_mpweb-navbar-icon-button_1cdd27' is clicked on

2023-01-02 12:53:05 - [MESSAGE][PASSED] - Object: 'Object Repository/Page_MHK MarketProminence Sandbox/a_MarketProminence_mpweb-navbar-icon-button_1cdd27' is clicked on

2023-01-02 12:53:05 - [TEST_STEP][PASSED] - click(findTestObject("Object Repository/Page_MHK MarketProminence Sandbox/a_Setup")): Object: 'Object Repository/Page_MHK MarketProminence Sandbox/a_Setup' is clicked on

2023-01-02 12:53:06 - [MESSAGE][PASSED] - Object: 'Object Repository/Page_MHK MarketProminence Sandbox/a_Setup' is clicked on

2023-01-02 12:53:06 - [TEST_STEP][PASSED] - click(findTestObject("Object Repository/Page_MHK MarketProminence Sandbox/a_Action")): Object: 'Object Repository/Page_MHK MarketProminence Sandbox/a_Action' is clicked on

2023-01-02 12:53:17 - [MESSAGE][PASSED] - Object: 'Object Repository/Page_MHK MarketProminence Sandbox/a_Action' is clicked on

2023-01-02 12:53:17 - [TEST_STEP][PASSED] - click(findTestObject("Object Repository/Page_MHK MarketProminence Sandbox/selectAffiliation")): Object: 'Object Repository/Page_MHK MarketProminence Sandbox/selectAffiliation' is clicked on

2023-01-02 12:53:18 - [MESSAGE][PASSED] - Object: 'Object Repository/Page_MHK MarketProminence Sandbox/selectAffiliation' is clicked on

2023-01-02 12:53:18 - [TEST_STEP][PASSED] - maximizeWindow(): Current window maximized

2023-01-02 12:53:18 - [MESSAGE][PASSED] - Current window maximized

2023-01-02 12:53:18 - [TEST_STEP][PASSED] - click(findTestObject("Object Repository/Page_MHK MarketProminence Sandbox/button_Add")): Object: 'Object Repository/Page_MHK MarketProminence Sandbox/button_Add' is clicked on

2023-01-02 12:53:23 - [MESSAGE][PASSED] - Object: 'Object Repository/Page_MHK MarketProminence Sandbox/button_Add' is clicked on

2023-01-02 12:53:23 - [TEST_STEP][PASSED] - setText(findTestObject("Object Repository/Page_MHK MarketProminence Sandbox/input_Primary_affiliation"), "staff user"): Text 'staff user' is set on object 'Object Repository/Page_MHK MarketProminence Sandbox/input_Primary_affiliation'

2023-01-02 12:53:25 - [MESSAGE][PASSED] - Text 'staff user' is set on object 'Object Repository/Page_MHK MarketProminence Sandbox/input_Primary_affiliation'

2023-01-02 12:53:25 - [TEST_STEP][PASSED] - click(findTestObject("Object Repository/Page_MHK MarketProminence Sandbox/input_Secondary_affiliation")): Object: 'Object Repository/Page_MHK MarketProminence Sandbox/input_Secondary_affiliation' is clicked on

2023-01-02 12:53:26 - [MESSAGE][PASSED] - Object: 'Object Repository/Page_MHK MarketProminence Sandbox/input_Secondary_affiliation' is clicked on

2023-01-02 12:53:26 - [TEST_STEP][PASSED] - setText(findTestObject("Object Repository/Page_MHK MarketProminence Sandbox/input_Secondary_affiliation"), "user1"): Text 'user1' is set on object 'Object Repository/Page_MHK MarketProminence Sandbox/input_Secondary_affiliation'

2023-01-02 12:53:27 - [MESSAGE][PASSED] - Text 'user1' is set on object 'Object Repository/Page_MHK MarketProminence Sandbox/input_Secondary_affiliation'

2023-01-02 12:53:27 - [TEST_STEP][PASSED] - click(findTestObject("Object Repository/Page_MHK MarketProminence Sandbox/input_Lan_assignedPrograms-SELECTED-row-2-col-0")): Object: 'Object Repository/Page_MHK MarketProminence Sandbox/input_Lan_assignedPrograms-SELECTED-row-2-col-0' is clicked on

2023-01-02 12:53:28 - [MESSAGE][PASSED] - Object: 'Object Repository/Page_MHK MarketProminence Sandbox/input_Lan_assignedPrograms-SELECTED-row-2-col-0' is clicked on

2023-01-02 12:53:28 - [TEST_STEP][PASSED] - click(findTestObject("Object Repository/Page_MHK MarketProminence Sandbox/input_M03_assignedPrograms-SELECTED-row-3-col-0")): Object: 'Object Repository/Page_MHK MarketProminence Sandbox/input_M03_assignedPrograms-SELECTED-row-3-col-0' is clicked on

2023-01-02 12:53:29 - [MESSAGE][PASSED] - Object: 'Object Repository/Page_MHK MarketProminence Sandbox/input_M03_assignedPrograms-SELECTED-row-3-col-0' is clicked on

2023-01-02 12:53:29 - [TEST_STEP][PASSED] - click(findTestObject("Object Repository/Page_MHK MarketProminence Sandbox/button_Save")): Object: 'Object Repository/Page_MHK MarketProminence Sandbox/button_Save' is clicked on

2023-01-02 12:53:29 - [MESSAGE][PASSED] - Object: 'Object Repository/Page_MHK MarketProminence Sandbox/button_Save' is clicked on

2023-01-02 12:53:29 - [TEST_STEP][PASSED] - click(findTestObject("Object Repository/Page_MHK MarketProminence Sandbox/span_staff user (1)")): Object: 'Object Repository/Page_MHK MarketProminence Sandbox/span_staff user (1)' is clicked on

2023-01-02 12:53:34 - [MESSAGE][PASSED] - Object: 'Object Repository/Page_MHK MarketProminence Sandbox/span_staff user (1)' is clicked on

2023-01-02 12:53:34 - [TEST_STEP][PASSED] - click(findTestObject("Object Repository/Page_MHK MarketProminence Sandbox/button_Add")): Object: 'Object Repository/Page_MHK MarketProminence Sandbox/button_Add' is clicked on

2023-01-02 12:53:35 - [MESSAGE][PASSED] - Object: 'Object Repository/Page_MHK MarketProminence Sandbox/button_Add' is clicked on

2023-01-02 12:53:35 - [TEST_STEP][PASSED] - click(findTestObject("Object Repository/Page_MHK MarketProminence Sandbox/span_Primary_k-button-icon k-icon k-i-arrow-s")): Object: 'Object Repository/Page_MHK MarketProminence Sandbox/span_Primary_k-button-icon k-icon k-i-arrow-s' is clicked on

2023-01-02 12:53:36 - [MESSAGE][PASSED] - Object: 'Object Repository/Page_MHK MarketProminence Sandbox/span_Primary_k-button-icon k-icon k-i-arrow-s' is clicked on

2023-01-02 12:53:36 - [TEST_STEP][PASSED] - setText(findTestObject("Object Repository/Page_MHK MarketProminence Sandbox/input_Primary_affiliation"), "staff user"): Text 'staff user' is set on object 'Object Repository/Page_MHK MarketProminence Sandbox/input_Primary_affiliation'

2023-01-02 12:53:38 - [MESSAGE][PASSED] - Text 'staff user' is set on object 'Object Repository/Page_MHK MarketProminence Sandbox/input_Primary_affiliation'

2023-01-02 12:53:38 - [TEST_STEP][PASSED] - setText(findTestObject("Object Repository/Page_MHK MarketProminence Sandbox/input_Secondary_affiliation"), "user2"): Text 'user2' is set on object 'Object Repository/Page_MHK MarketProminence Sandbox/input_Secondary_affiliation'

2023-01-02 12:53:39 - [MESSAGE][PASSED] - Text 'user2' is set on object 'Object Repository/Page_MHK MarketProminence Sandbox/input_Secondary_affiliation'

2023-01-02 12:53:39 - [TEST_STEP][PASSED] - click(findTestObject("Object Repository/Page_MHK MarketProminence Sandbox/input_M03_assignedPrograms-SELECTED-row-3-col-0")): Object: 'Object Repository/Page_MHK MarketProminence Sandbox/input_M03_assignedPrograms-SELECTED-row-3-col-0' is clicked on

2023-01-02 12:53:39 - [MESSAGE][PASSED] - Object: 'Object Repository/Page_MHK MarketProminence Sandbox/input_M03_assignedPrograms-SELECTED-row-3-col-0' is clicked on

2023-01-02 12:53:39 - [TEST_STEP][PASSED] - click(findTestObject("Object Repository/Page_MHK MarketProminence Sandbox/button_Save")): Object: 'Object Repository/Page_MHK MarketProminence Sandbox/button_Save' is clicked on

2023-01-02 12:53:40 - [MESSAGE][PASSED] - Object: 'Object Repository/Page_MHK MarketProminence Sandbox/button_Save' is clicked on

2023-01-02 12:53:40 - [TEST_STEP][NOT_RUN] - verifyElementText(findTestObject("Object Repository/Page_MHK MarketProminence Sandbox/div_Successfully saved Affiliation"), "Successfully saved Affiliation."): NOT_RUN: verifyElementText(findTestObject("Object Repository/Page_MHK MarketProminence Sandbox/div_Successfully saved Affiliation"), "Successfully saved Affiliation.")

2023-01-02 12:53:40 - [MESSAGE][NOT_RUN] - NOT_RUN: verifyElementText(findTestObject("Object Repository/Page_MHK MarketProminence Sandbox/div_Successfully saved Affiliation"), "Successfully saved Affiliation.")

2023-01-02 12:53:40 - [TEST_STEP][PASSED] - click(findTestObject("Object Repository/Page_MHK MarketProminence Sandbox/i_Contains_action-icon-is-enabled fa fa-clo_c0333a")): Object: 'Object Repository/Page_MHK MarketProminence Sandbox/i_Contains_action-icon-is-enabled fa fa-clo_c0333a' is clicked on

2023-01-02 12:53:42 - [MESSAGE][PASSED] - Object: 'Object Repository/Page_MHK MarketProminence Sandbox/i_Contains_action-icon-is-enabled fa fa-clo_c0333a' is clicked on

2023-01-02 12:53:42 - [TEST_STEP][PASSED] - click(findTestObject("Object Repository/Page_MHK MarketProminence Sandbox/input_Contains_copyFrom-selected-col-radio-0")): Object: 'Object Repository/Page_MHK MarketProminence Sandbox/input_Contains_copyFrom-selected-col-radio-0' is clicked on

2023-01-02 12:53:44 - [MESSAGE][PASSED] - Object: 'Object Repository/Page_MHK MarketProminence Sandbox/input_Contains_copyFrom-selected-col-radio-0' is clicked on

2023-01-02 12:53:44 - [TEST_STEP][PASSED] - click(findTestObject("Object Repository/Page_MHK MarketProminence Sandbox/button_Copy")): Object: 'Object Repository/Page_MHK MarketProminence Sandbox/button_Copy' is clicked on

2023-01-02 12:53:44 - [MESSAGE][PASSED] - Object: 'Object Repository/Page_MHK MarketProminence Sandbox/button_Copy' is clicked on

2023-01-02 12:53:44 - [TEST_STEP][NOT_RUN] - maximizeWindow(): NOT_RUN: maximizeWindow()

2023-01-02 12:53:44 - [MESSAGE][NOT_RUN] - NOT_RUN: maximizeWindow()

2023-01-02 12:53:44 - [TEST_STEP][PASSED] - verifyElementText(findTestObject("Object Repository/Page_MHK MarketProminence Sandbox/div_Programs Copied Successfully"), "Programs Copied Successfully"): Actual text and expected text of test object 'Object Repository/Page_MHK MarketProminence Sandbox/div_Programs Copied Successfully' are matched.

2023-01-02 12:53:46 - [MESSAGE][PASSED] - Actual text and expected text of test object 'Object Repository/Page_MHK MarketProminence Sandbox/div_Programs Copied Successfully' are matched.

2023-01-02 12:53:46 - [TEST_STEP][PASSED] - click(findTestObject("Object Repository/Page_MHK MarketProminence Sandbox/span_Copy Programs - staff user_k-button-ic_e1b3d7")): Object: 'Object Repository/Page_MHK MarketProminence Sandbox/span_Copy Programs - staff user_k-button-ic_e1b3d7' is clicked on

2023-01-02 12:53:51 - [MESSAGE][PASSED] - Object: 'Object Repository/Page_MHK MarketProminence Sandbox/span_Copy Programs - staff user_k-button-ic_e1b3d7' is clicked on

2023-01-02 12:53:51 - [TEST_STEP][PASSED] - click(findTestObject("Object Repository/Page_MHK MarketProminence Sandbox/button_Add")): Object: 'Object Repository/Page_MHK MarketProminence Sandbox/button_Add' is clicked on

2023-01-02 12:53:58 - [MESSAGE][PASSED] - Object: 'Object Repository/Page_MHK MarketProminence Sandbox/button_Add' is clicked on

2023-01-02 12:53:58 - [TEST_STEP][PASSED] - setText(findTestObject("Object Repository/Page_MHK MarketProminence Sandbox/input_Primary_affiliation"), "staff user"): Text 'staff user' is set on object 'Object Repository/Page_MHK MarketProminence Sandbox/input_Primary_affiliation'

2023-01-02 12:54:03 - [MESSAGE][PASSED] - Text 'staff user' is set on object 'Object Repository/Page_MHK MarketProminence Sandbox/input_Primary_affiliation'

2023-01-02 12:54:03 - [TEST_STEP][PASSED] - setText(findTestObject("Object Repository/Page_MHK MarketProminence Sandbox/input_Secondary_affiliation"), "user3"): Text 'user3' is set on object 'Object Repository/Page_MHK MarketProminence Sandbox/input_Secondary_affiliation'

2023-01-02 12:54:04 - [MESSAGE][PASSED] - Text 'user3' is set on object 'Object Repository/Page_MHK MarketProminence Sandbox/input_Secondary_affiliation'

2023-01-02 12:54:04 - [TEST_STEP][PASSED] - click(findTestObject("Object Repository/Page_MHK MarketProminence Sandbox/input_KL0_assignedPrograms-SELECTED-row-1-col-0")): Object: 'Object Repository/Page_MHK MarketProminence Sandbox/input_KL0_assignedPrograms-SELECTED-row-1-col-0' is clicked on

2023-01-02 12:54:05 - [MESSAGE][PASSED] - Object: 'Object Repository/Page_MHK MarketProminence Sandbox/input_KL0_assignedPrograms-SELECTED-row-1-col-0' is clicked on

2023-01-02 12:54:05 - [TEST_STEP][PASSED] - click(findTestObject("Object Repository/Page_MHK MarketProminence Sandbox/input_M05_assignedPrograms-SELECTED-row-4-col-0")): Object: 'Object Repository/Page_MHK MarketProminence Sandbox/input_M05_assignedPrograms-SELECTED-row-4-col-0' is clicked on

2023-01-02 12:54:05 - [MESSAGE][PASSED] - Object: 'Object Repository/Page_MHK MarketProminence Sandbox/input_M05_assignedPrograms-SELECTED-row-4-col-0' is clicked on

2023-01-02 12:54:05 - [TEST_STEP][PASSED] - click(findTestObject("Object Repository/Page_MHK MarketProminence Sandbox/button_Save")): Object: 'Object Repository/Page_MHK MarketProminence Sandbox/button_Save' is clicked on

2023-01-02 12:54:06 - [MESSAGE][PASSED] - Object: 'Object Repository/Page_MHK MarketProminence Sandbox/button_Save' is clicked on

2023-01-02 12:54:06 - [TEST_STEP][NOT_RUN] - maximizeWindow(): NOT_RUN: maximizeWindow()

2023-01-02 12:54:06 - [MESSAGE][NOT_RUN] - NOT_RUN: maximizeWindow()

2023-01-02 12:54:06 - [TEST_STEP][PASSED] - click(findTestObject("Object Repository/Page_MHK MarketProminence Sandbox/applyfrom")): Object: 'Object Repository/Page_MHK MarketProminence Sandbox/applyfrom' is clicked on

2023-01-02 12:54:08 - [MESSAGE][PASSED] - Object: 'Object Repository/Page_MHK MarketProminence Sandbox/applyfrom' is clicked on

2023-01-02 12:54:08 - [TEST_STEP][PASSED] - click(findTestObject("Object Repository/Page_MHK MarketProminence Sandbox/ApplytoCheckbox1")): Object: 'Object Repository/Page_MHK MarketProminence Sandbox/ApplytoCheckbox1' is clicked on

2023-01-02 12:54:10 - [MESSAGE][PASSED] - Object: 'Object Repository/Page_MHK MarketProminence Sandbox/ApplytoCheckbox1' is clicked on

2023-01-02 12:54:10 - [TEST_STEP][PASSED] - click(findTestObject("Object Repository/Page_MHK MarketProminence Sandbox/Applytocheckbox2")): Object: 'Object Repository/Page_MHK MarketProminence Sandbox/Applytocheckbox2' is clicked on

2023-01-02 12:54:11 - [MESSAGE][PASSED] - Object: 'Object Repository/Page_MHK MarketProminence Sandbox/Applytocheckbox2' is clicked on

2023-01-02 12:54:11 - [TEST_STEP][PASSED] - click(findTestObject("Object Repository/Page_MHK MarketProminence Sandbox/Apply")): Object: 'Object Repository/Page_MHK MarketProminence Sandbox/Apply' is clicked on

2023-01-02 12:54:11 - [MESSAGE][PASSED] - Object: 'Object Repository/Page_MHK MarketProminence Sandbox/Apply' is clicked on

2023-01-02 12:54:11 - [TEST_STEP][PASSED] - click(findTestObject("Object Repository/Page_MHK MarketProminence Sandbox/closeApplypopupwindow")): Object: 'Object Repository/Page_MHK MarketProminence Sandbox/closeApplypopupwindow' is clicked on

2023-01-02 12:54:17 - [MESSAGE][PASSED] - Object: 'Object Repository/Page_MHK MarketProminence Sandbox/closeApplypopupwindow' is clicked on

2023-01-02 12:54:17 - [TEST_STEP][PASSED] - a = 1: null

2023-01-02 12:54:17 - [TEST_STEP][PASSED] - if (a == 5): null

2023-01-02 12:54:17 - [TEST_STEP][PASSED] - click(findTestObject("Object Repository/Page_MHK MarketProminence Sandbox/i_Voluntary Disenroll Reason(18)_fa fa-lg fa-table")): Object: 'Object Repository/Page_MHK MarketProminence Sandbox/i_Voluntary Disenroll Reason(18)_fa fa-lg fa-table' is clicked on

2023-01-02 12:54:19 - [MESSAGE][PASSED] - Object: 'Object Repository/Page_MHK MarketProminence Sandbox/i_Voluntary Disenroll Reason(18)_fa fa-lg fa-table' is clicked on

2023-01-02 12:54:19 - [TEST_STEP][PASSED] - click(findTestObject("Object Repository/Page_MHK MarketProminence Sandbox/span_SNP(1)_k-icon ng-tns-c68-17 k-i-expand")): Object: 'Object Repository/Page_MHK MarketProminence Sandbox/span_SNP(1)_k-icon ng-tns-c68-17 k-i-expand' is clicked on

2023-01-02 12:54:20 - [MESSAGE][PASSED] - Object: 'Object Repository/Page_MHK MarketProminence Sandbox/span_SNP(1)_k-icon ng-tns-c68-17 k-i-expand' is clicked on

2023-01-02 12:54:20 - [TEST_STEP][PASSED] - click(findTestObject("Object Repository/Page_MHK MarketProminence Sandbox/i_Contains_action-icon-is-enabled fa fa-fw _a6b016")): Object: 'Object Repository/Page_MHK MarketProminence Sandbox/i_Contains_action-icon-is-enabled fa fa-fw _a6b016' is clicked on

2023-01-02 12:54:21 - [MESSAGE][PASSED] - Object: 'Object Repository/Page_MHK MarketProminence Sandbox/i_Contains_action-icon-is-enabled fa fa-fw _a6b016' is clicked on

2023-01-02 12:54:21 - [TEST_STEP][PASSED] - getText(findTestObject("Object Repository/Page_MHK MarketProminence Sandbox/span_user2"), OPTIONAL): Text of object 'Object Repository/Page_MHK MarketProminence Sandbox/span_user2' is: '02 - GOVT EMERG/DISASTER- COVID19'

2023-01-02 12:54:23 - [MESSAGE][PASSED] - Text of object 'Object Repository/Page_MHK MarketProminence Sandbox/span_user2' is: '02 - GOVT EMERG/DISASTER- COVID19'

2023-01-02 12:54:23 - [TEST_STEP][PASSED] - click(findTestObject("Object Repository/Page_MHK MarketProminence Sandbox/i_Voluntary Disenroll Reason(18)_fa fa-lg f_9fce55")): Object: 'Object Repository/Page_MHK MarketProminence Sandbox/i_Voluntary Disenroll Reason(18)_fa fa-lg f_9fce55' is clicked on

2023-01-02 12:54:23 - [MESSAGE][PASSED] - Object: 'Object Repository/Page_MHK MarketProminence Sandbox/i_Voluntary Disenroll Reason(18)_fa fa-lg f_9fce55' is clicked on

2023-01-02 12:54:23 - [TEST_STEP][PASSED] - verifyElementText(findTestObject("Object Repository/Page_MHK MarketProminence Sandbox/span_Record  1"), "Record : 1"): Actual text and expected text of test object 'Object Repository/Page_MHK MarketProminence Sandbox/span_Record  1' are matched.

2023-01-02 12:54:25 - [MESSAGE][PASSED] - Actual text and expected text of test object 'Object Repository/Page_MHK MarketProminence Sandbox/span_Record  1' are matched.

2023-01-02 12:54:25 - [TEST_STEP][PASSED] - click(findTestObject("Object Repository/Page_MHK MarketProminence Sandbox/i_Voluntary Disenroll Reason(18)_fa fa-lg f_5f7ad2")): Object: 'Object Repository/Page_MHK MarketProminence Sandbox/i_Voluntary Disenroll Reason(18)_fa fa-lg f_5f7ad2' is clicked on

2023-01-02 12:54:25 - [MESSAGE][PASSED] - Object: 'Object Repository/Page_MHK MarketProminence Sandbox/i_Voluntary Disenroll Reason(18)_fa fa-lg f_5f7ad2' is clicked on

2023-01-02 12:54:25 - [TEST_STEP][PASSED] - verifyElementText(findTestObject("Object Repository/Page_MHK MarketProminence Sandbox/span_Records  2"), "Records : 2"): Actual text and expected text of test object 'Object Repository/Page_MHK MarketProminence Sandbox/span_Records  2' are matched.

2023-01-02 12:54:27 - [MESSAGE][PASSED] - Actual text and expected text of test object 'Object Repository/Page_MHK MarketProminence Sandbox/span_Records  2' are matched.

2023-01-02 12:54:27 - [TEST_STEP][PASSED] - click(findTestObject("Object Repository/Page_MHK MarketProminence Sandbox/i_Voluntary Disenroll Reason(18)_fa fa-lg fa-table")): Object: 'Object Repository/Page_MHK MarketProminence Sandbox/i_Voluntary Disenroll Reason(18)_fa fa-lg fa-table' is clicked on

2023-01-02 12:54:27 - [MESSAGE][PASSED] - Object: 'Object Repository/Page_MHK MarketProminence Sandbox/i_Voluntary Disenroll Reason(18)_fa fa-lg fa-table' is clicked on

2023-01-02 12:54:27 - [TEST_STEP][PASSED] - verifyElementText(findTestObject("Object Repository/Page_MHK MarketProminence Sandbox/span_Records  3"), "Records : 3"): Actual text and expected text of test object 'Object Repository/Page_MHK MarketProminence Sandbox/span_Records  3' are matched.

2023-01-02 12:54:29 - [MESSAGE][PASSED] - Actual text and expected text of test object 'Object Repository/Page_MHK MarketProminence Sandbox/span_Records  3' are matched.

2023-01-02 12:54:29 - [TEST_STEP][PASSED] - mouseOver(findTestObject("Object Repository/Page_MHK MarketProminence Sandbox/span_Assigned Programs_k-icon k-i-file-exce_807b9d"), OPTIONAL): Object: 'Object Repository/Page_MHK MarketProminence Sandbox/span_Assigned Programs_k-icon k-i-file-exce_807b9d' is hovered

2023-01-02 12:54:30 - [MESSAGE][PASSED] - Object: 'Object Repository/Page_MHK MarketProminence Sandbox/span_Assigned Programs_k-icon k-i-file-exce_807b9d' is hovered

2023-01-02 12:54:30 - [TEST_STEP][PASSED] - mouseOver(findTestObject("Object Repository/Page_MHK MarketProminence Sandbox/span_Assigned Programs_k-icon k-i-file-pdf _669663"), OPTIONAL): Object: 'Object Repository/Page_MHK MarketProminence Sandbox/span_Assigned Programs_k-icon k-i-file-pdf _669663' is hovered

2023-01-02 12:54:30 - [MESSAGE][PASSED] - Object: 'Object Repository/Page_MHK MarketProminence Sandbox/span_Assigned Programs_k-icon k-i-file-pdf _669663' is hovered

2023-01-02 12:54:30 - [TEST_STEP][NOT_RUN] - verifyElementText(findTestObject("Object Repository/Page_MHK MarketProminence Sandbox/span_Records  31"), "Records : 31"): NOT_RUN: verifyElementText(findTestObject("Object Repository/Page_MHK MarketProminence Sandbox/span_Records  31"), "Records : 31")

2023-01-02 12:54:30 - [MESSAGE][NOT_RUN] - NOT_RUN: verifyElementText(findTestObject("Object Repository/Page_MHK MarketProminence Sandbox/span_Records  31"), "Records : 31")

2023-01-02 12:54:30 - [TEST_STEP][PASSED] - click(findTestObject("Object Repository/Page_MHK MarketProminence Sandbox/i_Assigned Programs_fa fa-lg fa-table")): Object: 'Object Repository/Page_MHK MarketProminence Sandbox/i_Assigned Programs_fa fa-lg fa-table' is clicked on

2023-01-02 12:54:31 - [MESSAGE][PASSED] - Object: 'Object Repository/Page_MHK MarketProminence Sandbox/i_Assigned Programs_fa fa-lg fa-table' is clicked on

2023-01-02 12:54:31 - [TEST_STEP][PASSED] - click(findTestObject("Object Repository/Page_MHK MarketProminence Sandbox/i_Assigned Programs_fa fa-check-square fa-lg")): Object: 'Object Repository/Page_MHK MarketProminence Sandbox/i_Assigned Programs_fa fa-check-square fa-lg' is clicked on

2023-01-02 12:54:32 - [MESSAGE][PASSED] - Object: 'Object Repository/Page_MHK MarketProminence Sandbox/i_Assigned Programs_fa fa-check-square fa-lg' is clicked on

2023-01-02 12:54:32 - [TEST_STEP][PASSED] - getText(findTestObject("Object Repository/Page_MHK MarketProminence Sandbox/input_Contains_assignedPrograms-SELECTED-ro_1fd6e7"), OPTIONAL): Text of object 'Object Repository/Page_MHK MarketProminence Sandbox/input_Contains_assignedPrograms-SELECTED-ro_1fd6e7' is: ''

2023-01-02 12:54:32 - [MESSAGE][PASSED] - Text of object 'Object Repository/Page_MHK MarketProminence Sandbox/input_Contains_assignedPrograms-SELECTED-ro_1fd6e7' is: ''

2023-01-02 12:54:32 - [TEST_STEP][PASSED] - getText(findTestObject("Object Repository/Page_MHK MarketProminence Sandbox/input_KL0_assignedPrograms-SELECTED-row-1-col-0"), OPTIONAL): Text of object 'Object Repository/Page_MHK MarketProminence Sandbox/input_KL0_assignedPrograms-SELECTED-row-1-col-0' is: ''

2023-01-02 12:54:33 - [MESSAGE][PASSED] - Text of object 'Object Repository/Page_MHK MarketProminence Sandbox/input_KL0_assignedPrograms-SELECTED-row-1-col-0' is: ''

2023-01-02 12:54:33 - [TEST_STEP][PASSED] - click(findTestObject("Object Repository/Page_MHK MarketProminence Sandbox/i_Assigned Programs_fa fa-lg fa-square-o")): Object: 'Object Repository/Page_MHK MarketProminence Sandbox/i_Assigned Programs_fa fa-lg fa-square-o' is clicked on

2023-01-02 12:54:34 - [MESSAGE][PASSED] - Object: 'Object Repository/Page_MHK MarketProminence Sandbox/i_Assigned Programs_fa fa-lg fa-square-o' is clicked on

2023-01-02 12:54:34 - [TEST_STEP][PASSED] - click(findTestObject("Object Repository/Page_MHK MarketProminence Sandbox/i_Assigned Programs_fa fa-check-square fa-lg")): Object: 'Object Repository/Page_MHK MarketProminence Sandbox/i_Assigned Programs_fa fa-check-square fa-lg' is clicked on

2023-01-02 12:54:34 - [MESSAGE][PASSED] - Object: 'Object Repository/Page_MHK MarketProminence Sandbox/i_Assigned Programs_fa fa-check-square fa-lg' is clicked on

2023-01-02 12:54:34 - [TEST_STEP][PASSED] - click(findTestObject("Object Repository/Page_MHK MarketProminence Sandbox/i_Assigned Programs_fa fa-lg fa-square-o")): Object: 'Object Repository/Page_MHK MarketProminence Sandbox/i_Assigned Programs_fa fa-lg fa-square-o' is clicked on

2023-01-02 12:54:35 - [MESSAGE][PASSED] - Object: 'Object Repository/Page_MHK MarketProminence Sandbox/i_Assigned Programs_fa fa-lg fa-square-o' is clicked on

2023-01-02 12:54:35 - [TEST_STEP][PASSED] - click(findTestObject("Object Repository/Page_MHK MarketProminence Sandbox/i_Contains_action-icon-is-enabled fa fa-fw _582439")): Object: 'Object Repository/Page_MHK MarketProminence Sandbox/i_Contains_action-icon-is-enabled fa fa-fw _582439' is clicked on

2023-01-02 12:54:35 - [MESSAGE][PASSED] - Object: 'Object Repository/Page_MHK MarketProminence Sandbox/i_Contains_action-icon-is-enabled fa fa-fw _582439' is clicked on

2023-01-02 12:54:35 - [TEST_STEP][PASSED] - verifyElementText(findTestObject("Object Repository/Page_MHK MarketProminence Sandbox/span_Records  3"), "Records : 3"): Actual text and expected text of test object 'Object Repository/Page_MHK MarketProminence Sandbox/span_Records  3' are matched.

2023-01-02 12:54:37 - [MESSAGE][PASSED] - Actual text and expected text of test object 'Object Repository/Page_MHK MarketProminence Sandbox/span_Records  3' are matched.

2023-01-02 12:54:37 - [TEST_STEP][PASSED] - click(findTestObject("Object Repository/Page_MHK MarketProminence Sandbox/i_Contains_action-icon-is-enabled fa fa-fw _8e0d62")): Object: 'Object Repository/Page_MHK MarketProminence Sandbox/i_Contains_action-icon-is-enabled fa fa-fw _8e0d62' is clicked on

2023-01-02 12:54:38 - [MESSAGE][PASSED] - Object: 'Object Repository/Page_MHK MarketProminence Sandbox/i_Contains_action-icon-is-enabled fa fa-fw _8e0d62' is clicked on

2023-01-02 12:54:38 - [TEST_STEP][PASSED] - click(findTestObject("Object Repository/Page_MHK MarketProminence Sandbox/button_Yes")): Object: 'Object Repository/Page_MHK MarketProminence Sandbox/button_Yes' is clicked on

2023-01-02 12:54:38 - [MESSAGE][PASSED] - Object: 'Object Repository/Page_MHK MarketProminence Sandbox/button_Yes' is clicked on

2023-01-02 12:54:38 - [TEST_STEP][PASSED] - click(findTestObject("Object Repository/Page_MHK MarketProminence Sandbox/i_Contains_action-icon-is-enabled fa fa-fw _8e0d62")): Object: 'Object Repository/Page_MHK MarketProminence Sandbox/i_Contains_action-icon-is-enabled fa fa-fw _8e0d62' is clicked on

2023-01-02 12:54:41 - [MESSAGE][PASSED] - Object: 'Object Repository/Page_MHK MarketProminence Sandbox/i_Contains_action-icon-is-enabled fa fa-fw _8e0d62' is clicked on

2023-01-02 12:54:41 - [TEST_STEP][PASSED] - click(findTestObject("Object Repository/Page_MHK MarketProminence Sandbox/button_Yes")): Object: 'Object Repository/Page_MHK MarketProminence Sandbox/button_Yes' is clicked on

2023-01-02 12:54:41 - [MESSAGE][PASSED] - Object: 'Object Repository/Page_MHK MarketProminence Sandbox/button_Yes' is clicked on

2023-01-02 12:54:41 - [TEST_STEP][PASSED] - click(findTestObject("Object Repository/Page_MHK MarketProminence Sandbox/i_Contains_action-icon-is-enabled fa fa-fw _8e0d62")): Object: 'Object Repository/Page_MHK MarketProminence Sandbox/i_Contains_action-icon-is-enabled fa fa-fw _8e0d62' is clicked on

2023-01-02 12:54:43 - [MESSAGE][PASSED] - Object: 'Object Repository/Page_MHK MarketProminence Sandbox/i_Contains_action-icon-is-enabled fa fa-fw _8e0d62' is clicked on

2023-01-02 12:54:43 - [TEST_STEP][PASSED] - click(findTestObject("Object Repository/Page_MHK MarketProminence Sandbox/button_Yes")): Object: 'Object Repository/Page_MHK MarketProminence Sandbox/button_Yes' is clicked on

2023-01-02 12:54:44 - [MESSAGE][PASSED] - Object: 'Object Repository/Page_MHK MarketProminence Sandbox/button_Yes' is clicked on

2023-01-02 12:54:44 - [TEST_STEP][PASSED] - click(findTestObject("Object Repository/Page_MHK MarketProminence Sandbox/a_About MarketProminence_mpweb-navbar-icon-_43a834")): Object: 'Object Repository/Page_MHK MarketProminence Sandbox/a_About MarketProminence_mpweb-navbar-icon-_43a834' is clicked on

2023-01-02 12:54:46 - [MESSAGE][PASSED] - Object: 'Object Repository/Page_MHK MarketProminence Sandbox/a_About MarketProminence_mpweb-navbar-icon-_43a834' is clicked on

2023-01-02 12:54:46 - [TEST_STEP][PASSED] - click(findTestObject("Object Repository/Page_MHK MarketProminence Sandbox/span_Log Out")): Object: 'Object Repository/Page_MHK MarketProminence Sandbox/span_Log Out' is clicked on

2023-01-02 12:54:47 - [MESSAGE][PASSED] - Object: 'Object Repository/Page_MHK MarketProminence Sandbox/span_Log Out' is clicked on

2023-01-02 12:54:47 - [TEST_STEP][PASSED] - navigateToUrl("https://mpwebsandbox.mhkdevsandbox.com/authenticate/Account/Logout?logoutId=CfDJ8K87TC5dzgBOtk8mjK3KbhZJ7srMBqIZeaK84EgHpItsTF3ug5ko5xKSjvrSn0sppYTlFgYNoqazYwuTiT7yZwYC5ERLgfRnHQUREdAE0koEe4iVBz1LPe7vFJyqL0EmWGUsrOdnRAvu33qN8wHH3dOKyIcGEi5fivCul-88yAJ6Ha4jyokVk9V5oWX7BBfFlc8fntCC3N0ijb2oQgkN_P8QOxY-K_BhAxzV_IH5bTo3ElkxmipC2F-Zl0LeoOkhtzPoTv_IzfUWdmNoGsxFoRSFhMtffMz7238EO-0QUWa4N9g_sUGm_ZjZIIHCjuIrMcMnm21n3B9mJIQPAQJWKy7c4VL9OuhLfKhs-07Y-dafoP7Ym62S5pnNUq5IDZ7n721k0WwE4Ryj78D0ZmlRHXJxtf5wUaGovO4ywS_4HDbCawSOzYekU5AODg7F4KHheRJlWghSxocNWvGXaHzepzSq8_KyaP1Pm-9el3YQqsNBpsNjhMiEHvtdyc9KVGGHpE1Rki8jBKph0-owSwtkINw"): Navigate to 'https://mpwebsandbox.mhkdevsandbox.com/authenticate/Account/Logout?logoutId=CfDJ8K87TC5dzgBOtk8mjK3KbhZJ7srMBqIZeaK84EgHpItsTF3ug5ko5xKSjvrSn0sppYTlFgYNoqazYwuTiT7yZwYC5ERLgfRnHQUREdAE0koEe4iVBz1LPe7vFJyqL0EmWGUsrOdnRAvu33qN8wHH3dOKyIcGEi5fivCul-88yAJ6Ha4jyokVk9V5oWX7BBfFlc8fntCC3N0ijb2oQgkN_P8QOxY-K_BhAxzV_IH5bTo3ElkxmipC2F-Zl0LeoOkhtzPoTv_IzfUWdmNoGsxFoRSFhMtffMz7238EO-0QUWa4N9g_sUGm_ZjZIIHCjuIrMcMnm21n3B9mJIQPAQJWKy7c4VL9OuhLfKhs-07Y-dafoP7Ym62S5pnNUq5IDZ7n721k0WwE4Ryj78D0ZmlRHXJxtf5wUaGovO4ywS_4HDbCawSOzYekU5AODg7F4KHheRJlWghSxocNWvGXaHzepzSq8_KyaP1Pm-9el3YQqsNBpsNjhMiEHvtdyc9KVGGHpE1Rki8jBKph0-owSwtkINw' successfully

2023-01-02 12:54:47 - [MESSAGE][PASSED] - Navigate to 'https://mpwebsandbox.mhkdevsandbox.com/authenticate/Account/Logout?logoutId=CfDJ8K87TC5dzgBOtk8mjK3KbhZJ7srMBqIZeaK84EgHpItsTF3ug5ko5xKSjvrSn0sppYTlFgYNoqazYwuTiT7yZwYC5ERLgfRnHQUREdAE0koEe4iVBz1LPe7vFJyqL0EmWGUsrOdnRAvu33qN8wHH3dOKyIcGEi5fivCul-88yAJ6Ha4jyokVk9V5oWX7BBfFlc8fntCC3N0ijb2oQgkN_P8QOxY-K_BhAxzV_IH5bTo3ElkxmipC2F-Zl0LeoOkhtzPoTv_IzfUWdmNoGsxFoRSFhMtffMz7238EO-0QUWa4N9g_sUGm_ZjZIIHCjuIrMcMnm21n3B9mJIQPAQJWKy7c4VL9OuhLfKhs-07Y-dafoP7Ym62S5pnNUq5IDZ7n721k0WwE4Ryj78D0ZmlRHXJxtf5wUaGovO4ywS_4HDbCawSOzYekU5AODg7F4KHheRJlWghSxocNWvGXaHzepzSq8_KyaP1Pm-9el3YQqsNBpsNjhMiEHvtdyc9KVGGHpE1Rki8jBKph0-owSwtkINw' successfully

2023-01-02 12:54:47 - [TEST_STEP][PASSED] - click(findTestObject("Object Repository/Page_MarketProminence Authorization/body_MarketProminence Authorization        _4e99f9")): Object: 'Object Repository/Page_MarketProminence Authorization/body_MarketProminence Authorization        _4e99f9' is clicked on

2023-01-02 12:54:47 - [MESSAGE][PASSED] - Object: 'Object Repository/Page_MarketProminence Authorization/body_MarketProminence Authorization        _4e99f9' is clicked on

2023-01-02 12:54:47 - [TEST_STEP][PASSED] - verifyElementText(findTestObject("Object Repository/Page_MarketProminence Authorization/small_You are now logged out"), "You are now logged out"): Actual text and expected text of test object 'Object Repository/Page_MarketProminence Authorization/small_You are now logged out' are matched.

2023-01-02 12:54:49 - [MESSAGE][PASSED] - Actual text and expected text of test object 'Object Repository/Page_MarketProminence Authorization/small_You are now logged out' are matched.

2023-01-02 12:54:49 - [TEST_STEP][PASSED] - closeBrowser(): Browser is closed

2023-01-02 12:54:51 - [MESSAGE][PASSED] - Browser is closed]]></system-out>
         <system-err><![CDATA[]]></system-err>
      </testcase>
      <system-out><![CDATA[2023-01-02 12:52:27 - [TEST_SUITE][PASSED] - MpwebSuite1 - Demosandbox: Test Cases/Add_Affiliation]]></system-out>
      <system-err><![CDATA[]]></system-err>
   </testsuite>
</testsuites>
