<?xml version="1.0" encoding="UTF-8"?>
<testsuites name="web-service-tests - All Test Cases" time="88.696" tests="2" failures="0" errors="0">
   <testsuite name="web-service-tests - All Test Cases" tests="2" failures="0" errors="0" time="88.696" skipped="0" timestamp="2023-01-03 13:57:41" hostname="sunil.patel - PS-LP-NOI-10126" id="Test Suites/web-service-tests - All Test Cases">
      <properties>
         <property name="deviceName" value=""/>
         <property name="devicePlatform" value=""/>
         <property name="logFolder" value="C:\\Users\\sunil.patel\\Katalon Studio\\Sample - Web API Tests\\Reports\\20230103_135653\\web-service-tests - All Test Cases\\20230103_135658"/>
         <property name="logFiles" value="C:\\Users\\sunil.patel\\Katalon Studio\\Sample - Web API Tests\\Reports\\20230103_135653\\web-service-tests - All Test Cases\\20230103_135658\\execution0.log"/>
         <property name="attachments" value=""/>
         <property name="hostName" value="sunil.patel - PS-LP-NOI-10126"/>
         <property name="os" value="Windows 10 64bit"/>
         <property name="katalonVersion" value="8.5.5.208"/>
         <property name="browser" value="Chrome 108.0.5359.125"/>
         <property name="hostAddress" value="192.168.59.126"/>
         <property name="sessionId" value="c489fac979affb6b8f6fb57cd2eb370a"/>
         <property name="seleniumVersion" value="3.141.59"/>
         <property name="proxyInformation" value="ProxyInformation { proxyOption=NO_PROXY, proxyServerType=HTTP, username=, password=********, proxyServerAddress=, proxyServerPort=0, executionList=&quot;&quot;, isApplyToDesiredCapabilities=true }"/>
         <property name="platform" value="Windows 10"/>
      </properties>
      <testcase name="Test Cases/Create a new user" time="38.253" classname="Test Cases/Create a new user" status="PASSED">
         <system-out><![CDATA[2023-01-03 13:57:43 - [TEST_CASE][PASSED] - Test Cases/Create a new user: Test Cases/Create a new user

2023-01-03 13:57:49 - [TEST_STEP][PASSED] - openBrowser(""): Browser is opened with url: ''

2023-01-03 13:57:51 - [MESSAGE][INFO] - Starting 'Chrome (headless)' driver

2023-01-03 13:57:52 - [MESSAGE][INFO] - Action delay is set to 0 milliseconds

2023-01-03 13:58:17 - [MESSAGE][PASSED] - Browser is opened with url: ''

2023-01-03 13:58:17 - [TEST_STEP][PASSED] - closeBrowser(): Browser is closed

2023-01-03 13:58:19 - [MESSAGE][PASSED] - Browser is closed

2023-01-03 13:58:22 - [TEST_STEP][PASSED] - Video: Video recording for test case 'Test Cases/Create a new user' .

2023-01-03 13:58:22 - [MESSAGE][INFO] - Video recording for test case 'Test Cases/Create a new user' .]]></system-out>
         <system-err><![CDATA[]]></system-err>
      </testcase>
      <testcase name="Test Cases/Find user by ID" time="48.164" classname="Test Cases/Find user by ID" status="PASSED">
         <system-out><![CDATA[2023-01-03 13:58:22 - [TEST_CASE][PASSED] - Test Cases/Find user by ID: Test Cases/Find user by ID

2023-01-03 13:58:33 - [TEST_STEP][PASSED] - id = sample.Common.createNewUser(age, username, password, gender, 200): sample.Common.createNewUser is PASSED

2023-01-03 13:58:56 - [MESSAGE][INFO] - HAR: C:\Users\sunil.patel\Katalon Studio\Sample - Web API Tests\Reports\20230103_135653\web-service-tests - All Test Cases\20230103_135658\requests\main\0.har

2023-01-03 13:58:57 - [TEST_CASE][PASSED] - Start Test Case : Verification: Verification accomplished successfully

2023-01-03 13:58:59 - [TEST_STEP][PASSED] - request = getInstance().getCurrentRequest(): null

2023-01-03 13:58:59 - [TEST_STEP][PASSED] - response = getInstance().getCurrentResponse(): null

2023-01-03 13:58:59 - [TEST_STEP][PASSED] - assert response.getStatusCode() == 200: null

2023-01-03 13:58:59 - [TEST_STEP][PASSED] - verifyElementPropertyValue(response, "age", 25): Verify element property value successfully

2023-01-03 13:59:00 - [MESSAGE][PASSED] - Verify element property value successfully

2023-01-03 13:59:00 - [TEST_STEP][PASSED] - verifyElementPropertyValue(response, "username", "mimi"): Verify element property value successfully

2023-01-03 13:59:00 - [MESSAGE][PASSED] - Verify element property value successfully

2023-01-03 13:59:00 - [TEST_STEP][PASSED] - verifyElementPropertyValue(response, "password", "123456789"): Verify element property value successfully

2023-01-03 13:59:00 - [MESSAGE][PASSED] - Verify element property value successfully

2023-01-03 13:59:00 - [TEST_STEP][PASSED] - verifyElementPropertyValue(response, "gender", "MALE"): Verify element property value successfully

2023-01-03 13:59:01 - [MESSAGE][PASSED] - Verify element property value successfully

2023-01-03 13:59:01 - [MESSAGE][PASSED] - Verify response successfully

2023-01-03 13:59:01 - [MESSAGE][PASSED] - All validation steps have been passed

2023-01-03 13:59:01 - [MESSAGE][PASSED] - Send request and verify the response successfully

2023-01-03 13:59:01 - [MESSAGE][PASSED] - sample.Common.createNewUser is PASSED

2023-01-03 13:59:01 - [TEST_STEP][PASSED] - sample.Common.findUserById(id, age, username, password, gender, 200): sample.Common.findUserById is PASSED

2023-01-03 13:59:05 - [MESSAGE][INFO] - HAR: C:\Users\sunil.patel\Katalon Studio\Sample - Web API Tests\Reports\20230103_135653\web-service-tests - All Test Cases\20230103_135658\requests\main\1.har

2023-01-03 13:59:05 - [TEST_CASE][PASSED] - Start Test Case : Verification: Verification accomplished successfully

2023-01-03 13:59:07 - [TEST_STEP][PASSED] - request = getInstance().getCurrentRequest(): null

2023-01-03 13:59:07 - [TEST_STEP][PASSED] - response = getInstance().getCurrentResponse(): null

2023-01-03 13:59:07 - [TEST_STEP][PASSED] - assert response.getStatusCode() == 200: null

2023-01-03 13:59:07 - [TEST_STEP][PASSED] - verifyElementPropertyValue(response, "age", 25): Verify element property value successfully

2023-01-03 13:59:07 - [MESSAGE][PASSED] - Verify element property value successfully

2023-01-03 13:59:07 - [TEST_STEP][PASSED] - verifyElementPropertyValue(response, "username", "mimi"): Verify element property value successfully

2023-01-03 13:59:07 - [MESSAGE][PASSED] - Verify element property value successfully

2023-01-03 13:59:07 - [TEST_STEP][PASSED] - verifyElementPropertyValue(response, "password", "123456789"): Verify element property value successfully

2023-01-03 13:59:07 - [MESSAGE][PASSED] - Verify element property value successfully

2023-01-03 13:59:07 - [TEST_STEP][PASSED] - verifyElementPropertyValue(response, "gender", "MALE"): Verify element property value successfully

2023-01-03 13:59:08 - [MESSAGE][PASSED] - Verify element property value successfully

2023-01-03 13:59:08 - [MESSAGE][PASSED] - Verify response successfully

2023-01-03 13:59:08 - [MESSAGE][PASSED] - All validation steps have been passed

2023-01-03 13:59:08 - [MESSAGE][PASSED] - Send request and verify the response successfully

2023-01-03 13:59:08 - [MESSAGE][PASSED] - sample.Common.findUserById is PASSED

2023-01-03 13:59:10 - [TEST_STEP][PASSED] - Video: Video recording for test case 'Test Cases/Find user by ID' .

2023-01-03 13:59:10 - [MESSAGE][INFO] - Video recording for test case 'Test Cases/Find user by ID' .]]></system-out>
         <system-err><![CDATA[]]></system-err>
      </testcase>
      <system-out><![CDATA[2023-01-03 13:57:41 - [TEST_SUITE][PASSED] - web-service-tests - All Test Cases: Test Cases/Find user by ID]]></system-out>
      <system-err><![CDATA[]]></system-err>
   </testsuite>
</testsuites>
