<?xml version="1.0" encoding="UTF-8"?>
<testsuites name="MpwebSuite1" time="29.47" tests="1" failures="0" errors="0">
   <testsuite name="MpwebSuite1" tests="1" failures="0" errors="0" time="29.47" skipped="0" timestamp="2023-01-03 15:39:38" hostname="PS-LP-NOI-10126$ - PS-LP-NOI-10126" id="Test Suites/MpwebSuite1">
      <properties>
         <property name="deviceName" value=""/>
         <property name="devicePlatform" value=""/>
         <property name="logFolder" value="C:\\Users\\sunil.patel\\Katalon Studio\\Sample - Web API Tests\\Reports\\20230103_153926\\MpwebSuite1\\20230103_153927"/>
         <property name="logFiles" value="C:\\Users\\sunil.patel\\Katalon Studio\\Sample - Web API Tests\\Reports\\20230103_153926\\MpwebSuite1\\20230103_153927\\execution0.log"/>
         <property name="attachments" value=""/>
         <property name="hostName" value="PS-LP-NOI-10126$ - PS-LP-NOI-10126"/>
         <property name="os" value="Windows 10 64bit"/>
         <property name="katalonVersion" value="8.5.5.208"/>
         <property name="browser" value="Chrome 108.0.0.0"/>
         <property name="hostAddress" value="192.168.59.126"/>
         <property name="sessionId" value="e2d155e21ec9a4004664d945814135d3"/>
         <property name="seleniumVersion" value="3.141.59"/>
         <property name="proxyInformation" value="ProxyInformation { proxyOption=NO_PROXY, proxyServerType=HTTP, username=, password=********, proxyServerAddress=, proxyServerPort=0, executionList=&quot;&quot;, isApplyToDesiredCapabilities=true }"/>
         <property name="platform" value="Windows 10"/>
      </properties>
      <testcase name="Test Cases/LoginTestcase" time="28.905" classname="Test Cases/LoginTestcase" status="PASSED">
         <system-out><![CDATA[2023-01-03 15:39:39 - [TEST_CASE][PASSED] - Test Cases/LoginTestcase: Test Cases/LoginTestcase

2023-01-03 15:39:39 - [TEST_STEP][PASSED] - openBrowser(""): Browser is opened with url: ''

2023-01-03 15:39:40 - [MESSAGE][INFO] - Starting 'Chrome' driver

2023-01-03 15:39:40 - [MESSAGE][INFO] - Action delay is set to 0 milliseconds

2023-01-03 15:39:47 - [MESSAGE][PASSED] - Browser is opened with url: ''

2023-01-03 15:39:47 - [TEST_STEP][PASSED] - navigateToUrl(url): Navigate to 'https://mpwebsandbox.mhkdevsandbox.com/' successfully

2023-01-03 15:39:57 - [MESSAGE][PASSED] - Navigate to 'https://mpwebsandbox.mhkdevsandbox.com/' successfully

2023-01-03 15:39:57 - [TEST_STEP][PASSED] - var = verifyElementText(findTestObject("Page_MarketProminence Authorization/h3_MarketProminence Login"), "MarketProminence Login", OPTIONAL): Actual text and expected text of test object 'Object Repository/Page_MarketProminence Authorization/h3_MarketProminence Login' are matched.

2023-01-03 15:39:58 - [MESSAGE][PASSED] - Actual text and expected text of test object 'Object Repository/Page_MarketProminence Authorization/h3_MarketProminence Login' are matched.

2023-01-03 15:39:58 - [TEST_STEP][PASSED] - if (var == true): NOT_RUN: waitForPageLoad(30)

2023-01-03 15:39:58 - [TEST_STEP][PASSED] - setText(findTestObject("Object Repository/Page_MarketProminence Authorization/input_Username_Username"), username): Text 'DZCPS' is set on object 'Object Repository/Page_MarketProminence Authorization/input_Username_Username'

2023-01-03 15:39:59 - [MESSAGE][PASSED] - Text 'DZCPS' is set on object 'Object Repository/Page_MarketProminence Authorization/input_Username_Username'

2023-01-03 15:39:59 - [TEST_STEP][PASSED] - click(findTestObject("Object Repository/Page_MarketProminence Authorization/div_Password")): Object: 'Object Repository/Page_MarketProminence Authorization/div_Password' is clicked on

2023-01-03 15:39:59 - [MESSAGE][PASSED] - Object: 'Object Repository/Page_MarketProminence Authorization/div_Password' is clicked on

2023-01-03 15:39:59 - [TEST_STEP][PASSED] - setText(findTestObject("Object Repository/Page_MarketProminence Authorization/input_Password_Password"), password): Text 'mp0292' is set on object 'Object Repository/Page_MarketProminence Authorization/input_Password_Password'

2023-01-03 15:40:00 - [MESSAGE][PASSED] - Text 'mp0292' is set on object 'Object Repository/Page_MarketProminence Authorization/input_Password_Password'

2023-01-03 15:40:00 - [TEST_STEP][PASSED] - click(findTestObject("Object Repository/Page_MarketProminence Authorization/button_Login")): Object: 'Object Repository/Page_MarketProminence Authorization/button_Login' is clicked on

2023-01-03 15:40:06 - [MESSAGE][PASSED] - Object: 'Object Repository/Page_MarketProminence Authorization/button_Login' is clicked on

2023-01-03 15:40:06 - [TEST_STEP][NOT_RUN] - waitForPageLoad(30): NOT_RUN: waitForPageLoad(30)

2023-01-03 15:40:06 - [MESSAGE][NOT_RUN] - NOT_RUN: waitForPageLoad(30)

2023-01-03 15:40:08 - [TEST_STEP][PASSED] - Video: Video recording for test case 'Test Cases/LoginTestcase' .

2023-01-03 15:40:08 - [MESSAGE][INFO] - Video recording for test case 'Test Cases/LoginTestcase' .]]></system-out>
         <system-err><![CDATA[]]></system-err>
      </testcase>
      <system-out><![CDATA[2023-01-03 15:39:38 - [TEST_SUITE][PASSED] - MpwebSuite1: Test Cases/LoginTestcase]]></system-out>
      <system-err><![CDATA[]]></system-err>
   </testsuite>
</testsuites>
