<?xml version="1.0" encoding="UTF-8"?>
<testsuites name="MpwebSuite1 - Demosandbox" time="74.266" tests="2" failures="0" errors="0">
   <testsuite name="MpwebSuite1 - Demosandbox" tests="2" failures="0" errors="0" time="74.266" skipped="0" timestamp="2023-01-02 12:57:57" hostname="sunil.patel - PS-LP-NOI-10126" id="Test Suites/MpwebSuite1 - Demosandbox">
      <properties>
         <property name="deviceName" value=""/>
         <property name="devicePlatform" value=""/>
         <property name="logFolder" value="C:\\Users\\sunil.patel\\Katalon Studio\\Sample - Web API Tests\\Reports\\20230102_125745\\MpwebSuite1 - Demosandbox\\20230102_125745"/>
         <property name="logFiles" value="C:\\Users\\sunil.patel\\Katalon Studio\\Sample - Web API Tests\\Reports\\20230102_125745\\MpwebSuite1 - Demosandbox\\20230102_125745\\execution0.log"/>
         <property name="attachments" value=""/>
         <property name="hostName" value="sunil.patel - PS-LP-NOI-10126"/>
         <property name="os" value="Windows 10 64bit"/>
         <property name="katalonVersion" value="8.5.5.208"/>
         <property name="browser" value="Chrome 108.0.0.0"/>
         <property name="hostAddress" value="192.168.225.80"/>
         <property name="sessionId" value="6169e790894f8d36da77a4c76c0369fd"/>
         <property name="seleniumVersion" value="3.141.59"/>
         <property name="proxyInformation" value="ProxyInformation { proxyOption=NO_PROXY, proxyServerType=HTTP, username=, password=********, proxyServerAddress=, proxyServerPort=0, executionList=&quot;&quot;, isApplyToDesiredCapabilities=true }"/>
         <property name="platform" value="Windows 10"/>
      </properties>
      <testcase name="Test Cases/LoginTestcase" time="36.631" classname="Test Cases/LoginTestcase" status="PASSED">
         <system-out><![CDATA[2023-01-02 12:57:58 - [TEST_CASE][PASSED] - Test Cases/LoginTestcase: Test Cases/LoginTestcase

2023-01-02 12:58:00 - [TEST_STEP][PASSED] - openBrowser(""): Browser is opened with url: ''

2023-01-02 12:58:00 - [MESSAGE][INFO] - Starting 'Chrome' driver

2023-01-02 12:58:00 - [MESSAGE][INFO] - Action delay is set to 0 milliseconds

2023-01-02 12:58:05 - [MESSAGE][PASSED] - Browser is opened with url: ''

2023-01-02 12:58:05 - [TEST_STEP][PASSED] - navigateToUrl(url): Navigate to 'https://mpwebsandbox.mhkdevsandbox.com/' successfully

2023-01-02 12:58:21 - [MESSAGE][PASSED] - Navigate to 'https://mpwebsandbox.mhkdevsandbox.com/' successfully

2023-01-02 12:58:21 - [TEST_STEP][PASSED] - var = verifyElementText(findTestObject("Page_MarketProminence Authorization/h3_MarketProminence Login"), "MarketProminence Login", OPTIONAL): Actual text and expected text of test object 'Object Repository/Page_MarketProminence Authorization/h3_MarketProminence Login' are matched.

2023-01-02 12:58:22 - [MESSAGE][PASSED] - Actual text and expected text of test object 'Object Repository/Page_MarketProminence Authorization/h3_MarketProminence Login' are matched.

2023-01-02 12:58:22 - [TEST_STEP][PASSED] - if (var == true): NOT_RUN: waitForPageLoad(30)

2023-01-02 12:58:22 - [TEST_STEP][PASSED] - setText(findTestObject("Object Repository/Page_MarketProminence Authorization/input_Username_Username"), username): Text 'DZCPS' is set on object 'Object Repository/Page_MarketProminence Authorization/input_Username_Username'

2023-01-02 12:58:22 - [MESSAGE][PASSED] - Text 'DZCPS' is set on object 'Object Repository/Page_MarketProminence Authorization/input_Username_Username'

2023-01-02 12:58:22 - [TEST_STEP][PASSED] - click(findTestObject("Object Repository/Page_MarketProminence Authorization/div_Password")): Object: 'Object Repository/Page_MarketProminence Authorization/div_Password' is clicked on

2023-01-02 12:58:23 - [MESSAGE][PASSED] - Object: 'Object Repository/Page_MarketProminence Authorization/div_Password' is clicked on

2023-01-02 12:58:23 - [TEST_STEP][PASSED] - setText(findTestObject("Object Repository/Page_MarketProminence Authorization/input_Password_Password"), password): Text 'mp0292' is set on object 'Object Repository/Page_MarketProminence Authorization/input_Password_Password'

2023-01-02 12:58:24 - [MESSAGE][PASSED] - Text 'mp0292' is set on object 'Object Repository/Page_MarketProminence Authorization/input_Password_Password'

2023-01-02 12:58:24 - [TEST_STEP][PASSED] - click(findTestObject("Object Repository/Page_MarketProminence Authorization/button_Login")): Object: 'Object Repository/Page_MarketProminence Authorization/button_Login' is clicked on

2023-01-02 12:58:33 - [MESSAGE][PASSED] - Object: 'Object Repository/Page_MarketProminence Authorization/button_Login' is clicked on

2023-01-02 12:58:33 - [TEST_STEP][NOT_RUN] - waitForPageLoad(30): NOT_RUN: waitForPageLoad(30)

2023-01-02 12:58:33 - [MESSAGE][NOT_RUN] - NOT_RUN: waitForPageLoad(30)

2023-01-02 12:58:35 - [TEST_STEP][PASSED] - Video: Video recording for test case 'Test Cases/LoginTestcase' .

2023-01-02 12:58:35 - [MESSAGE][INFO] - Video recording for test case 'Test Cases/LoginTestcase' .]]></system-out>
         <system-err><![CDATA[]]></system-err>
      </testcase>
      <testcase name="Test Cases/LoginTestcase" time="36.357" classname="Test Cases/LoginTestcase" status="PASSED">
         <system-out><![CDATA[2023-01-02 12:58:35 - [TEST_CASE][PASSED] - Test Cases/LoginTestcase: Test Cases/LoginTestcase

2023-01-02 12:58:35 - [TEST_STEP][PASSED] - openBrowser(""): Browser is opened with url: ''

2023-01-02 12:58:35 - [MESSAGE][WARNING] - A browser is already opened. Closing browser and opening a new one

2023-01-02 12:58:36 - [MESSAGE][INFO] - Starting 'Chrome' driver

2023-01-02 12:58:36 - [MESSAGE][INFO] - Action delay is set to 0 milliseconds

2023-01-02 12:58:38 - [MESSAGE][PASSED] - Browser is opened with url: ''

2023-01-02 12:58:38 - [TEST_STEP][PASSED] - navigateToUrl(url): Navigate to 'https://mpwebdemo.mhkdevsandbox.com' successfully

2023-01-02 12:58:54 - [MESSAGE][PASSED] - Navigate to 'https://mpwebdemo.mhkdevsandbox.com' successfully

2023-01-02 12:58:54 - [TEST_STEP][PASSED] - var = verifyElementText(findTestObject("Page_MarketProminence Authorization/h3_MarketProminence Login"), "MarketProminence Login", OPTIONAL): Actual text and expected text of test object 'Object Repository/Page_MarketProminence Authorization/h3_MarketProminence Login' are matched.

2023-01-02 12:58:54 - [MESSAGE][PASSED] - Actual text and expected text of test object 'Object Repository/Page_MarketProminence Authorization/h3_MarketProminence Login' are matched.

2023-01-02 12:58:54 - [TEST_STEP][PASSED] - if (var == true): NOT_RUN: waitForPageLoad(30)

2023-01-02 12:58:54 - [TEST_STEP][PASSED] - setText(findTestObject("Object Repository/Page_MarketProminence Authorization/input_Username_Username"), username): Text 'DZCPS' is set on object 'Object Repository/Page_MarketProminence Authorization/input_Username_Username'

2023-01-02 12:58:55 - [MESSAGE][PASSED] - Text 'DZCPS' is set on object 'Object Repository/Page_MarketProminence Authorization/input_Username_Username'

2023-01-02 12:58:55 - [TEST_STEP][PASSED] - click(findTestObject("Object Repository/Page_MarketProminence Authorization/div_Password")): Object: 'Object Repository/Page_MarketProminence Authorization/div_Password' is clicked on

2023-01-02 12:58:55 - [MESSAGE][PASSED] - Object: 'Object Repository/Page_MarketProminence Authorization/div_Password' is clicked on

2023-01-02 12:58:55 - [TEST_STEP][PASSED] - setText(findTestObject("Object Repository/Page_MarketProminence Authorization/input_Password_Password"), password): Text 'mp0292' is set on object 'Object Repository/Page_MarketProminence Authorization/input_Password_Password'

2023-01-02 12:58:56 - [MESSAGE][PASSED] - Text 'mp0292' is set on object 'Object Repository/Page_MarketProminence Authorization/input_Password_Password'

2023-01-02 12:58:56 - [TEST_STEP][PASSED] - click(findTestObject("Object Repository/Page_MarketProminence Authorization/button_Login")): Object: 'Object Repository/Page_MarketProminence Authorization/button_Login' is clicked on

2023-01-02 12:59:09 - [MESSAGE][PASSED] - Object: 'Object Repository/Page_MarketProminence Authorization/button_Login' is clicked on

2023-01-02 12:59:09 - [TEST_STEP][NOT_RUN] - waitForPageLoad(30): NOT_RUN: waitForPageLoad(30)

2023-01-02 12:59:09 - [MESSAGE][NOT_RUN] - NOT_RUN: waitForPageLoad(30)

2023-01-02 12:59:11 - [TEST_STEP][PASSED] - Video: Video recording for test case 'Test Cases/LoginTestcase' .

2023-01-02 12:59:11 - [MESSAGE][INFO] - Video recording for test case 'Test Cases/LoginTestcase' .]]></system-out>
         <system-err><![CDATA[]]></system-err>
      </testcase>
      <system-out><![CDATA[2023-01-02 12:57:57 - [TEST_SUITE][PASSED] - MpwebSuite1 - Demosandbox: Test Cases/LoginTestcase]]></system-out>
      <system-err><![CDATA[]]></system-err>
   </testsuite>
</testsuites>
